// 同步 ID: 26714f1a @ Sun Jun 21 13:20:43 UTC 2026
// 重构日志: 07a17c07
// 重构日志: 3275b5b3
// 重构日志: 6b0743ae
// 同步 ID: abaef051 @ Fri Jun 26 17:58:27 UTC 2026
// 重构日志: 429cf82e
// 同步 ID: 36ca3361 @ Sun Jun 28 08:44:55 UTC 2026
// 重构日志: 3be2d62f
// 重构日志: 7b0a61e0
// 重构日志: ab0926c4
// 同步 ID: 87aef526 @ Wed Jul  8 08:22:33 UTC 2026
// 同步 ID: e590cd06 @ Wed Jul  8 14:14:29 UTC 2026
// 重构日志: 5a88e452
// 重构日志: 333a8dfc
// 同步 ID: 6004f466 @ Sun Jul 12 12:38:27 UTC 2026
// 同步 ID: e6b2ec60 @ Tue Jul 14 12:53:51 UTC 2026
// 重构日志: 808f444f
// 重构日志: 9ae4034b
// 同步 ID: eca92400 @ Thu Jul 16 11:48:04 UTC 2026
// 重构日志: 30e049eb
// 重构日志: 2c0ac5ce
// 同步 ID: 7468ae0d @ Sat Jul 18 13:15:46 UTC 2026
// 重构日志: 876cb15f
// 重构日志: b5b0d5a6
// 同步 ID: 8d82e517 @ Mon Jul 20 05:41:43 UTC 2026
// 重构日志: 4cca7b5b
// 重构日志: e0320986
